Build started 28.02.2016 21:50:38.
     1>Project "d:\Documents\Dropbox\Projects\PC\audprog\audprog\audprog.vcxproj" on node 2 (Build target(s)).
     1>ClCompile:
         D:\Dev\VS2013\VC\bin\CL.exe /c /nologo /W3 /WX- /Od /Oy- /D WIN32 /D _DEBUG /D _CONSOLE /D _LIB /D _UNICODE /D UNICODE /Gm /EHsc /RTC1 /MDd /GS /Gy /Qpar /arch:SSE2 /fp:precise /Zc:wchar_t /Zc:forScope /Fo"Debug\\" /Fd"Debug\vc120.pdb" /Gd /TP /analyze- /errorReport:prompt audprog.cpp AUD.cpp SPI_EE.cpp stdafx.cpp
     1>cl : Command line warning D9007: '/Gm' requires '/Zi or /ZI'; option ignored
         audprog.cpp
         AUD.cpp
         SPI_EE.cpp
         stdafx.cpp
         Generating Code...
       Link:
         D:\Dev\VS2013\VC\bin\link.exe /ERRORREPORT:PROMPT /OUT:"D:\Documents\Dropbox\Projects\PC\audprog\Debug\audprog.exe" /INCREMENTAL /NOLOGO ftd2xx.lib kernel32.lib user32.lib gdi32.lib winspool.lib comdlg32.lib advapi32.lib shell32.lib ole32.lib oleaut32.lib uuid.lib odbc32.lib odbccp32.lib kernel32.lib user32.lib gdi32.lib winspool.lib comdlg32.lib advapi32.lib shell32.lib ole32.lib oleaut32.lib uuid.lib odbc32.lib odbccp32.lib /MANIFEST /MANIFESTUAC:"level='asInvoker' uiAccess='false'" /manifest:embed /DEBUG /PDB:"D:\Documents\Dropbox\Projects\PC\audprog\Debug\audprog.pdb" /SUBSYSTEM:CONSOLE /LTCG /TLBID:1 /DYNAMICBASE /NXCOMPAT /IMPLIB:"D:\Documents\Dropbox\Projects\PC\audprog\Debug\audprog.lib" /MACHINE:X86 Debug\audprog.obj
         Debug\AUD.obj
         Debug\SPI_EE.obj
         Debug\stdafx.obj
     1>LINK : warning LNK4075: ignoring '/INCREMENTAL' due to '/LTCG' specification
         LINK : /LTCG specified but no code generation required; remove /LTCG from the link command line to improve linker performance
         audprog.vcxproj -> D:\Documents\Dropbox\Projects\PC\audprog\Debug\audprog.exe
     1>Done Building Project "d:\Documents\Dropbox\Projects\PC\audprog\audprog\audprog.vcxproj" (Build target(s)).

Build succeeded.

Time Elapsed 00:00:01.81
