d:\documents\dropbox\projects\pc\audprog\audprog\release\vc120.pdb
d:\documents\dropbox\projects\pc\audprog\audprog\release\stdafx.obj
d:\documents\dropbox\projects\pc\audprog\audprog\release\spi_ee.obj
d:\documents\dropbox\projects\pc\audprog\audprog\release\aud.obj
d:\documents\dropbox\projects\pc\audprog\audprog\release\audprog.obj
d:\documents\dropbox\projects\pc\audprog\release\audprog.exe
d:\documents\dropbox\projects\pc\audprog\release\audprog.pdb
d:\documents\github\audprog\audprog\release\aud.obj
d:\documents\github\audprog\audprog\release\audprog.obj
d:\documents\github\audprog\audprog\release\spi_ee.obj
d:\documents\github\audprog\audprog\release\stdafx.obj
d:\documents\github\audprog\audprog\release\vc120.pdb
d:\documents\github\audprog\release\audprog.pdb
d:\documents\github\audprog\release\audprog.exe
d:\documents\github\audprog\audprog\release\audprog.tlog\cl.command.1.tlog
d:\documents\github\audprog\audprog\release\audprog.tlog\cl.read.1.tlog
d:\documents\github\audprog\audprog\release\audprog.tlog\cl.write.1.tlog
d:\documents\github\audprog\audprog\release\audprog.tlog\link.command.1.tlog
d:\documents\github\audprog\audprog\release\audprog.tlog\link.read.1.tlog
d:\documents\github\audprog\audprog\release\audprog.tlog\link.write.1.tlog
